<?xml version="1.0" encoding="UTF-8"?>
<!-- Generated by org.testng.reporters.JUnitXMLReporter -->
<testsuite hostname="MTYTM15492YLR" name="Default test" tests="2" failures="0" timestamp="13 Jul 2016 00:30:36 GMT" time="0.085" errors="0">
  <testcase name="@BeforeTest settingBrowser" time="0.0" classname="com.frontEndApp_Scripts.AdminProcess">
    <failure type="org.testng.TestNGException" message="
Parameter &amp;apos;browser&amp;apos; is required by @Configuration on method settingBrowser but has not been marked @Optional or defined
in C:\Users\l.enriquez.rodriguez\AppData\Local\Temp\testng-eclipse-2145178055\testng-customsuite.xml">
      <![CDATA[org.testng.TestNGException: 
Parameter 'browser' is required by @Configuration on method settingBrowser but has not been marked @Optional or defined
in C:\Users\l.enriquez.rodriguez\AppData\Local\Temp\testng-eclipse-2145178055\testng-customsuite.xml
	at org.testng.internal.Parameters.createParameters(Parameters.java:154)
	at org.testng.internal.Parameters.createParameters(Parameters.java:361)
	at org.testng.internal.Parameters.createConfigurationParameters(Parameters.java:84)
	at org.testng.internal.Invoker.invokeConfigurations(Invoker.java:197)
	at org.testng.internal.Invoker.invokeConfigurations(Invoker.java:138)
	at org.testng.TestRunner.beforeRun(TestRunner.java:648)
	at org.testng.TestRunner.run(TestRunner.java:616)
	at org.testng.SuiteRunner.runTest(SuiteRunner.java:359)
	at org.testng.SuiteRunner.runSequentially(SuiteRunner.java:354)
	at org.testng.SuiteRunner.privateRun(SuiteRunner.java:312)
	at org.testng.SuiteRunner.run(SuiteRunner.java:261)
	at org.testng.SuiteRunnerWorker.runSuite(SuiteRunnerWorker.java:52)
	at org.testng.SuiteRunnerWorker.run(SuiteRunnerWorker.java:86)
	at org.testng.TestNG.runSuitesSequentially(TestNG.java:1215)
	at org.testng.TestNG.runSuitesLocally(TestNG.java:1140)
	at org.testng.TestNG.run(TestNG.java:1048)
	at org.testng.remote.AbstractRemoteTestNG.run(AbstractRemoteTestNG.java:126)
	at org.testng.remote.RemoteTestNG.initAndRun(RemoteTestNG.java:152)
	at org.testng.remote.RemoteTestNG.main(RemoteTestNG.java:57)
]]>
    </failure>
  </testcase> <!-- @BeforeTest settingBrowser -->
  <testcase name="@AfterMethod back" time="0.0" classname="com.frontEndApp_Scripts.AdminProcess">
    <skipped/>
  </testcase> <!-- @AfterMethod back -->
  <testcase name="@AfterMethod back" time="0.0" classname="com.frontEndApp_Scripts.AdminProcess">
    <skipped/>
  </testcase> <!-- @AfterMethod back -->
  <testcase name="@AfterTest quitBrowser" time="0.0" classname="com.frontEndApp_Scripts.AdminProcess">
    <skipped/>
  </testcase> <!-- @AfterTest quitBrowser -->
  <testcase name="login" time="0.009" classname="com.frontEndApp_Scripts.AdminProcess">
    <skipped/>
  </testcase> <!-- login -->
  <testcase name="HealthChecks" time="0.004" classname="com.frontEndApp_Scripts.AdminProcess">
    <skipped/>
  </testcase> <!-- HealthChecks -->
</testsuite> <!-- Default test -->
