<?xml version="1.0" encoding="UTF-8"?>
<!-- Generated by org.testng.reporters.JUnitXMLReporter -->
<testsuite hostname="MTYTM15492YLR" name="test" tests="4" failures="0" timestamp="9 Jul 2016 19:11:07 GMT" time="83.906" errors="0">
  <testcase name="signIn" time="18.352" classname="com.frontEndApp_Scripts.MainProcess"/>
  <testcase name="addnewuser" time="24.16" classname="com.frontEndApp_Scripts.MainProcess"/>
  <testcase name="Password" time="11.698" classname="com.frontEndApp_Scripts.MainProcess"/>
  <testcase name="listofUsers" time="17.28" classname="com.frontEndApp_Scripts.MainProcess"/>
</testsuite> <!-- test -->
