<?xml version="1.0" encoding="UTF-8"?>
<!-- Generated by org.testng.reporters.JUnitXMLReporter -->
<testsuite hostname="MTYTM15492YLR" name="test" tests="2" failures="0" timestamp="7 Jul 2016 17:18:21 GMT" time="0.224" errors="0">
  <testcase name="@BeforeTest settingBrowser" time="0.0" classname="com.frontEndApp_Scripts.AddUser">
    <failure type="java.lang.IllegalStateException" message="The driver executable does not exist: G:\Trainings\Eclipse projects\IEDriverServer.exe">
      <![CDATA[java.lang.IllegalStateException: The driver executable does not exist: G:\Trainings\Eclipse projects\IEDriverServer.exe
	at com.google.common.base.Preconditions.checkState(Preconditions.java:199)
	at org.openqa.selenium.remote.service.DriverService.checkExecutable(DriverService.java:121)
	at org.openqa.selenium.remote.service.DriverService.findExecutable(DriverService.java:116)
	at org.openqa.selenium.ie.InternetExplorerDriverService.access$0(InternetExplorerDriverService.java:1)
	at org.openqa.selenium.ie.InternetExplorerDriverService$Builder.findDefaultExecutable(InternetExplorerDriverService.java:167)
	at org.openqa.selenium.remote.service.DriverService$Builder.build(DriverService.java:296)
	at org.openqa.selenium.ie.InternetExplorerDriver.setupService(InternetExplorerDriver.java:251)
	at org.openqa.selenium.ie.InternetExplorerDriver.<init>(InternetExplorerDriver.java:172)
	at org.openqa.selenium.ie.InternetExplorerDriver.<init>(InternetExplorerDriver.java:146)
	at com.frontEndApp_Scripts.setBrowser.settingBrowser(setBrowser.java:32)
... Removed 22 stack frames]]>
    </failure>
  </testcase> <!-- @BeforeTest settingBrowser -->
  <testcase name="@AfterMethod back" time="0.0" classname="com.frontEndApp_Scripts.AddUser">
    <skipped/>
  </testcase> <!-- @AfterMethod back -->
  <testcase name="@AfterMethod back" time="0.0" classname="com.frontEndApp_Scripts.AddUser">
    <skipped/>
  </testcase> <!-- @AfterMethod back -->
  <testcase name="@AfterTest quitBrowser" time="0.0" classname="com.frontEndApp_Scripts.AddUser">
    <skipped/>
  </testcase> <!-- @AfterTest quitBrowser -->
  <testcase name="signIn" time="0.004" classname="com.frontEndApp_Scripts.AddUser">
    <skipped/>
  </testcase> <!-- signIn -->
  <testcase name="addnewuser" time="0.003" classname="com.frontEndApp_Scripts.AddUser">
    <skipped/>
  </testcase> <!-- addnewuser -->
</testsuite> <!-- test -->
